<?xml version="1.0" encoding="UTF-8"?>
<!-- Generated by org.testng.reporters.JUnitReportReporter -->
<testsuite skipped="0" hostname="DESKTOP-SGGAN31" name="com.parallelexecutionmethods.Name" tests="3" failures="0" timestamp="18 Feb 2022 14:54:26 GMT" time="0.011" errors="0">
  <testcase name="nameGender3" time="0.002" classname="com.parallelexecutionmethods.Name"/>
  <testcase name="nameGender1" time="0.007" classname="com.parallelexecutionmethods.Name"/>
  <testcase name="nameGender2" time="0.002" classname="com.parallelexecutionmethods.Name"/>
</testsuite> <!-- com.parallelexecutionmethods.Name -->
