<?xml version="1.0" encoding="UTF-8"?>
<!-- Generated by org.testng.reporters.JUnitReportReporter -->
<testsuite skipped="0" hostname="DESKTOP-SGGAN31" name="com.softassert.SoftAssertClass" tests="3" failures="0" timestamp="17 Feb 2022 05:50:51 GMT" time="5.697" errors="0">
  <testcase name="checkData" time="3.778" classname="com.softassert.SoftAssertClass"/>
  <testcase name="checkData" time="0.921" classname="com.softassert.SoftAssertClass"/>
  <testcase name="checkData" time="0.998" classname="com.softassert.SoftAssertClass"/>
</testsuite> <!-- com.softassert.SoftAssertClass -->
