<?xml version="1.0" encoding="UTF-8"?>
<!-- Generated by org.testng.reporters.JUnitReportReporter -->
<testsuite skipped="0" hostname="DESKTOP-SGGAN31" name="com.suitmulticlass.A" tests="4" failures="0" timestamp="16 Feb 2022 07:26:59 GMT" time="0.003" errors="0">
  <testcase name="name" time="0.000" classname="com.suitmulticlass.A"/>
  <testcase name="birthday" time="0.001" classname="com.suitmulticlass.A"/>
  <testcase name="qualification" time="0.001" classname="com.suitmulticlass.A"/>
  <testcase name="age" time="0.001" classname="com.suitmulticlass.A"/>
</testsuite> <!-- com.suitmulticlass.A -->
