<?xml version="1.0" encoding="UTF-8"?>
<!-- Generated by org.testng.reporters.JUnitReportReporter -->
<testsuite skipped="0" hostname="DESKTOP-SGGAN31" name="com.frameworkpara.Sample" tests="2" failures="0" timestamp="16 Feb 2022 16:37:55 GMT" time="4.868" errors="0">
  <testcase name="testCase2" time="0.836" classname="com.frameworkpara.Sample"/>
  <testcase name="testCase1" time="4.032" classname="com.frameworkpara.Sample"/>
</testsuite> <!-- com.frameworkpara.Sample -->
