<?xml version="1.0" encoding="UTF-8"?>
<!-- Generated by org.testng.reporters.JUnitReportReporter -->
<testsuite skipped="0" hostname="DESKTOP-SGGAN31" name="com.parallelexecution.Place" tests="3" failures="0" timestamp="18 Feb 2022 14:50:34 GMT" time="0.003" errors="0">
  <testcase name="avadi" time="0.001" classname="com.parallelexecution.Place"/>
  <testcase name="ambattur" time="0.001" classname="com.parallelexecution.Place"/>
  <testcase name="kalpakam" time="0.001" classname="com.parallelexecution.Place"/>
</testsuite> <!-- com.parallelexecution.Place -->
