<?xml version="1.0" encoding="UTF-8"?>
<!-- Generated by org.testng.reporters.JUnitReportReporter -->
<testsuite skipped="0" hostname="DESKTOP-SGGAN31" name="com.parallelexecutionmethods.Color" tests="3" failures="0" timestamp="18 Feb 2022 14:54:26 GMT" time="0.010" errors="0">
  <testcase name="red" time="0.001" classname="com.parallelexecutionmethods.Color"/>
  <testcase name="green" time="0.003" classname="com.parallelexecutionmethods.Color"/>
  <testcase name="blue" time="0.006" classname="com.parallelexecutionmethods.Color"/>
</testsuite> <!-- com.parallelexecutionmethods.Color -->
