<?xml version="1.0" encoding="UTF-8"?>
<!-- Generated by org.testng.reporters.JUnitReportReporter -->
<testsuite skipped="0" hostname="DESKTOP-SGGAN31" name="com.grouping.IncludeGrouping" tests="2" failures="0" timestamp="17 Feb 2022 13:40:19 GMT" time="0.008" errors="0">
  <testcase name="test1" time="0.007" classname="com.grouping.IncludeGrouping"/>
  <testcase name="test3" time="0.001" classname="com.grouping.IncludeGrouping"/>
</testsuite> <!-- com.grouping.IncludeGrouping -->
