<?xml version="1.0" encoding="UTF-8"?>
<!-- Generated by org.testng.reporters.JUnitReportReporter -->
<testsuite skipped="0" hostname="DESKTOP-SGGAN31" name="com.multipleclassgrouping.getdetails" tests="3" failures="0" timestamp="17 Feb 2022 14:28:19 GMT" time="0.021" errors="0">
  <testcase name="date2" time="0.002" classname="com.multipleclassgrouping.getdetails"/>
  <testcase name="date" time="0.018" classname="com.multipleclassgrouping.getdetails"/>
  <testcase name="date3" time="0.001" classname="com.multipleclassgrouping.getdetails"/>
</testsuite> <!-- com.multipleclassgrouping.getdetails -->
