<?xml version="1.0" encoding="UTF-8"?>
<!-- Generated by org.testng.reporters.JUnitReportReporter -->
<testsuite skipped="0" hostname="DESKTOP-SGGAN31" name="com.parallelexecution.Color" tests="3" failures="0" timestamp="18 Feb 2022 14:50:34 GMT" time="0.005" errors="0">
  <testcase name="blue" time="0.001" classname="com.parallelexecution.Color"/>
  <testcase name="green" time="0.002" classname="com.parallelexecution.Color"/>
  <testcase name="red" time="0.002" classname="com.parallelexecution.Color"/>
</testsuite> <!-- com.parallelexecution.Color -->
