<?xml version="1.0" encoding="UTF-8"?>
<!-- Generated by org.testng.reporters.JUnitReportReporter -->
<testsuite skipped="0" hostname="DESKTOP-SGGAN31" name="com.multipleclassgrouping.B" tests="3" failures="0" timestamp="17 Feb 2022 14:11:22 GMT" time="0.018" errors="0">
  <testcase name="date2" time="0.016" classname="com.multipleclassgrouping.B"/>
  <testcase name="months" time="0.001" classname="com.multipleclassgrouping.B"/>
  <testcase name="date3" time="0.001" classname="com.multipleclassgrouping.B"/>
</testsuite> <!-- com.multipleclassgrouping.B -->
