<?xml version="1.0" encoding="UTF-8"?>
<!-- Generated by org.testng.reporters.JUnitReportReporter -->
<testsuite skipped="0" hostname="DESKTOP-SGGAN31" name="com.multipleclassgrouping.getTime" tests="3" failures="0" timestamp="17 Feb 2022 14:28:19 GMT" time="0.005" errors="0">
  <testcase name="time2" time="0.001" classname="com.multipleclassgrouping.getTime"/>
  <testcase name="time" time="0.003" classname="com.multipleclassgrouping.getTime"/>
  <testcase name="time3" time="0.001" classname="com.multipleclassgrouping.getTime"/>
</testsuite> <!-- com.multipleclassgrouping.getTime -->
