<?xml version="1.0" encoding="UTF-8"?>
<!-- Generated by org.testng.reporters.JUnitReportReporter -->
<testsuite skipped="0" hostname="DESKTOP-SGGAN31" name="com.dataprovider.DataProviderClass" tests="3" failures="0" timestamp="17 Feb 2022 05:20:11 GMT" time="6.137" errors="0">
  <testcase name="checkData" time="4.249" classname="com.dataprovider.DataProviderClass"/>
  <testcase name="checkData" time="0.938" classname="com.dataprovider.DataProviderClass"/>
  <testcase name="checkData" time="0.950" classname="com.dataprovider.DataProviderClass"/>
</testsuite> <!-- com.dataprovider.DataProviderClass -->
