<?xml version="1.0" encoding="UTF-8"?>
<!-- Generated by org.testng.reporters.JUnitReportReporter -->
<testsuite skipped="0" hostname="DESKTOP-SGGAN31" name="com.multipleclassgrouping.getMonths" tests="2" failures="0" timestamp="17 Feb 2022 14:28:19 GMT" time="0.002" errors="0">
  <testcase name="months3" time="0.001" classname="com.multipleclassgrouping.getMonths"/>
  <testcase name="months2" time="0.001" classname="com.multipleclassgrouping.getMonths"/>
</testsuite> <!-- com.multipleclassgrouping.getMonths -->
