<?xml version="1.0" encoding="UTF-8"?>
<!-- Generated by org.testng.reporters.JUnitReportReporter -->
<testsuite skipped="0" hostname="DESKTOP-SGGAN31" name="com.parallelexecutionmethods.Place" tests="3" failures="0" timestamp="18 Feb 2022 14:54:26 GMT" time="0.009" errors="0">
  <testcase name="ambattur" time="0.006" classname="com.parallelexecutionmethods.Place"/>
  <testcase name="kalpakam" time="0.002" classname="com.parallelexecutionmethods.Place"/>
  <testcase name="avadi" time="0.001" classname="com.parallelexecutionmethods.Place"/>
</testsuite> <!-- com.parallelexecutionmethods.Place -->
