<?xml version="1.0" encoding="UTF-8"?>
<!-- Generated by org.testng.reporters.JUnitReportReporter -->
<testsuite skipped="0" hostname="DESKTOP-SGGAN31" name="com.grouping.ExcludeGrouping" tests="2" failures="0" timestamp="17 Feb 2022 13:48:43 GMT" time="0.007" errors="0">
  <testcase name="b" time="0.001" classname="com.grouping.ExcludeGrouping"/>
  <testcase name="a" time="0.006" classname="com.grouping.ExcludeGrouping"/>
</testsuite> <!-- com.grouping.ExcludeGrouping -->
