<?xml version="1.0" encoding="UTF-8"?>
<!-- Generated by org.testng.reporters.JUnitReportReporter -->
<testsuite skipped="0" hostname="DESKTOP-SGGAN31" name="com.parallelexecution.Name" tests="3" failures="0" timestamp="18 Feb 2022 14:50:34 GMT" time="0.019" errors="0">
  <testcase name="nameGender2" time="0.009" classname="com.parallelexecution.Name"/>
  <testcase name="nameGender3" time="0.001" classname="com.parallelexecution.Name"/>
  <testcase name="nameGender1" time="0.009" classname="com.parallelexecution.Name"/>
</testsuite> <!-- com.parallelexecution.Name -->
